<?xml version="1.0" encoding="UTF-8" ?>
<testsuite tests="4" failures="0" name="integrationtests.WebCalculatorTest" time="1.602" errors="0" skipped="0">
  <properties>
[...]
</properties>
  <testcase classname="integrationtests.WebCalculatorTest" name="testWebAdd" time="1.589"/>
  <testcase classname="integrationtests.WebCalculatorTest" name="testWebDiv" time="0"/>
  <testcase classname="integrationtests.WebCalculatorTest" name="testWebMul" time="0.006"/>
  <testcase classname="integrationtests.WebCalculatorTest" name="testWebSub" time="0.007"/>
</testsuite>